<?xml version="1.0" encoding="UTF-8"?>
<coverage generated="1753282205288" clover="3.2.0">
  <project timestamp="1753282205288" name="All files">
    <metrics statements="41" coveredstatements="38" conditionals="10" coveredconditionals="6" methods="15" coveredmethods="14" elements="66" coveredelements="58" complexity="0" loc="41" ncloc="41" packages="2" files="2" classes="2"/>
    <package name="components">
      <metrics statements="4" coveredstatements="4" conditionals="0" coveredconditionals="0" methods="2" coveredmethods="2"/>
      <file name="TodoItem.jsx" path="F:\projects\coverageX\todo-application\frontend\src\components\TodoItem.jsx">
        <metrics statements="4" coveredstatements="4" conditionals="0" coveredconditionals="0" methods="2" coveredmethods="2"/>
        <line num="3" count="1" type="stmt"/>
        <line num="4" count="3" type="stmt"/>
        <line num="5" count="1" type="stmt"/>
        <line num="8" count="3" type="stmt"/>
      </file>
    </package>
    <package name="pages">
      <metrics statements="37" coveredstatements="34" conditionals="10" coveredconditionals="6" methods="13" coveredmethods="12"/>
      <file name="Todo.jsx" path="F:\projects\coverageX\todo-application\frontend\src\pages\Todo.jsx">
        <metrics statements="37" coveredstatements="34" conditionals="10" coveredconditionals="6" methods="13" coveredmethods="12"/>
        <line num="8" count="1" type="stmt"/>
        <line num="9" count="17" type="stmt"/>
        <line num="10" count="17" type="stmt"/>
        <line num="11" count="17" type="stmt"/>
        <line num="13" count="17" type="stmt"/>
        <line num="14" count="8" type="stmt"/>
        <line num="15" count="8" type="stmt"/>
        <line num="16" count="7" type="stmt"/>
        <line num="18" count="2" type="cond" truecount="1" falsecount="1"/>
        <line num="22" count="17" type="stmt"/>
        <line num="23" count="7" type="stmt"/>
        <line num="26" count="17" type="stmt"/>
        <line num="27" count="2" type="stmt"/>
        <line num="29" count="2" type="stmt"/>
        <line num="30" count="2" type="stmt"/>
        <line num="32" count="1" type="cond" truecount="1" falsecount="1"/>
        <line num="33" count="1" type="stmt"/>
        <line num="34" count="1" type="stmt"/>
        <line num="35" count="1" type="stmt"/>
        <line num="36" count="1" type="stmt"/>
        <line num="38" count="0" type="stmt"/>
        <line num="41" count="1" type="cond" truecount="1" falsecount="1"/>
        <line num="45" count="17" type="stmt"/>
        <line num="46" count="2" type="stmt"/>
        <line num="47" count="2" type="stmt"/>
        <line num="48" count="1" type="cond" truecount="1" falsecount="1"/>
        <line num="49" count="1" type="stmt"/>
        <line num="51" count="1" type="stmt"/>
        <line num="53" count="0" type="stmt"/>
        <line num="56" count="1" type="stmt"/>
        <line num="59" count="17" type="stmt"/>
        <line num="75" count="2" type="stmt"/>
        <line num="91" count="2" type="stmt"/>
        <line num="113" count="3" type="stmt"/>
        <line num="114" count="0" type="stmt"/>
        <line num="117" count="3" type="stmt"/>
        <line num="121" count="2" type="stmt"/>
      </file>
    </package>
  </project>
</coverage>
