{"F:\\projects\\coverageX\\todo-application\\frontend\\src\\components\\TodoItem.jsx": {"path":"F:\\projects\\coverageX\\todo-application\\frontend\\src\\components\\TodoItem.jsx","statementMap":{"0":{"start":{"line":3,"column":17},"end":{"line":22,"column":1}},"1":{"start":{"line":4,"column":25},"end":{"line":6,"column":3}},"2":{"start":{"line":5,"column":4},"end":{"line":5,"column":17}},"3":{"start":{"line":8,"column":2},"end":{"line":21,"column":4}}},"fnMap":{"0":{"name":"(anonymous_0)","decl":{"start":{"line":3,"column":17},"end":{"line":3,"column":18}},"loc":{"start":{"line":3,"column":57},"end":{"line":22,"column":1}},"line":3},"1":{"name":"(anonymous_1)","decl":{"start":{"line":4,"column":25},"end":{"line":4,"column":26}},"loc":{"start":{"line":4,"column":37},"end":{"line":6,"column":3}},"line":4}},"branchMap":{},"s":{"0":1,"1":3,"2":1,"3":3},"f":{"0":3,"1":1},"b":{},"_coverageSchema":"1a1c01bbd47fc00a2c39e90264f33305004495a9","hash":"22cce15a2f411ae6d19b188350bab3c18b2a5df1"}
,"F:\\projects\\coverageX\\todo-application\\frontend\\src\\pages\\Todo.jsx": {"path":"F:\\projects\\coverageX\\todo-application\\frontend\\src\\pages\\Todo.jsx","statementMap":{"0":{"start":{"line":8,"column":13},"end":{"line":128,"column":1}},"1":{"start":{"line":9,"column":28},"end":{"line":9,"column":40}},"2":{"start":{"line":10,"column":40},"end":{"line":10,"column":52}},"3":{"start":{"line":11,"column":28},"end":{"line":11,"column":40}},"4":{"start":{"line":13,"column":21},"end":{"line":20,"column":3}},"5":{"start":{"line":14,"column":4},"end":{"line":19,"column":5}},"6":{"start":{"line":15,"column":19},"end":{"line":15,"column":35}},"7":{"start":{"line":16,"column":6},"end":{"line":16,"column":27}},"8":{"start":{"line":18,"column":6},"end":{"line":18,"column":59}},"9":{"start":{"line":22,"column":2},"end":{"line":24,"column":9}},"10":{"start":{"line":23,"column":4},"end":{"line":23,"column":17}},"11":{"start":{"line":26,"column":23},"end":{"line":43,"column":3}},"12":{"start":{"line":27,"column":4},"end":{"line":27,"column":23}},"13":{"start":{"line":29,"column":4},"end":{"line":42,"column":5}},"14":{"start":{"line":30,"column":19},"end":{"line":30,"column":59}},"15":{"start":{"line":32,"column":6},"end":{"line":39,"column":7}},"16":{"start":{"line":33,"column":8},"end":{"line":33,"column":36}},"17":{"start":{"line":34,"column":8},"end":{"line":34,"column":21}},"18":{"start":{"line":35,"column":8},"end":{"line":35,"column":27}},"19":{"start":{"line":36,"column":8},"end":{"line":36,"column":21}},"20":{"start":{"line":38,"column":8},"end":{"line":38,"column":34}},"21":{"start":{"line":41,"column":6},"end":{"line":41,"column":57}},"22":{"start":{"line":45,"column":25},"end":{"line":58,"column":3}},"23":{"start":{"line":46,"column":4},"end":{"line":57,"column":5}},"24":{"start":{"line":47,"column":19},"end":{"line":47,"column":45}},"25":{"start":{"line":48,"column":6},"end":{"line":54,"column":7}},"26":{"start":{"line":49,"column":8},"end":{"line":49,"column":36}},"27":{"start":{"line":51,"column":8},"end":{"line":51,"column":76}},"28":{"start":{"line":51,"column":32},"end":{"line":51,"column":74}},"29":{"start":{"line":51,"column":59},"end":{"line":51,"column":73}},"30":{"start":{"line":53,"column":8},"end":{"line":53,"column":34}},"31":{"start":{"line":56,"column":6},"end":{"line":56,"column":33}},"32":{"start":{"line":59,"column":2},"end":{"line":127,"column":4}},"33":{"start":{"line":75,"column":33},"end":{"line":75,"column":57}},"34":{"start":{"line":91,"column":33},"end":{"line":91,"column":63}},"35":{"start":{"line":113,"column":30},"end":{"line":113,"column":47}},"36":{"start":{"line":114,"column":28},"end":{"line":114,"column":39}},"37":{"start":{"line":117,"column":14},"end":{"line":122,"column":16}},"38":{"start":{"line":121,"column":34},"end":{"line":121,"column":57}}},"fnMap":{"0":{"name":"(anonymous_0)","decl":{"start":{"line":8,"column":13},"end":{"line":8,"column":14}},"loc":{"start":{"line":8,"column":19},"end":{"line":128,"column":1}},"line":8},"1":{"name":"(anonymous_1)","decl":{"start":{"line":13,"column":21},"end":{"line":13,"column":22}},"loc":{"start":{"line":13,"column":33},"end":{"line":20,"column":3}},"line":13},"2":{"name":"(anonymous_2)","decl":{"start":{"line":22,"column":12},"end":{"line":22,"column":13}},"loc":{"start":{"line":22,"column":18},"end":{"line":24,"column":3}},"line":22},"3":{"name":"(anonymous_3)","decl":{"start":{"line":26,"column":23},"end":{"line":26,"column":24}},"loc":{"start":{"line":26,"column":36},"end":{"line":43,"column":3}},"line":26},"4":{"name":"(anonymous_4)","decl":{"start":{"line":45,"column":25},"end":{"line":45,"column":26}},"loc":{"start":{"line":45,"column":39},"end":{"line":58,"column":3}},"line":45},"5":{"name":"(anonymous_5)","decl":{"start":{"line":51,"column":17},"end":{"line":51,"column":18}},"loc":{"start":{"line":51,"column":32},"end":{"line":51,"column":74}},"line":51},"6":{"name":"(anonymous_6)","decl":{"start":{"line":51,"column":49},"end":{"line":51,"column":50}},"loc":{"start":{"line":51,"column":59},"end":{"line":51,"column":73}},"line":51},"7":{"name":"(anonymous_7)","decl":{"start":{"line":75,"column":26},"end":{"line":75,"column":27}},"loc":{"start":{"line":75,"column":33},"end":{"line":75,"column":57}},"line":75},"8":{"name":"(anonymous_8)","decl":{"start":{"line":91,"column":26},"end":{"line":91,"column":27}},"loc":{"start":{"line":91,"column":33},"end":{"line":91,"column":63}},"line":91},"9":{"name":"(anonymous_9)","decl":{"start":{"line":113,"column":20},"end":{"line":113,"column":21}},"loc":{"start":{"line":113,"column":30},"end":{"line":113,"column":47}},"line":113},"10":{"name":"(anonymous_10)","decl":{"start":{"line":114,"column":18},"end":{"line":114,"column":19}},"loc":{"start":{"line":114,"column":28},"end":{"line":114,"column":39}},"line":114},"11":{"name":"(anonymous_11)","decl":{"start":{"line":116,"column":17},"end":{"line":116,"column":18}},"loc":{"start":{"line":117,"column":14},"end":{"line":122,"column":16}},"line":117},"12":{"name":"(anonymous_12)","decl":{"start":{"line":121,"column":28},"end":{"line":121,"column":29}},"loc":{"start":{"line":121,"column":34},"end":{"line":121,"column":57}},"line":121}},"branchMap":{"0":{"loc":{"start":{"line":18,"column":18},"end":{"line":18,"column":57}},"type":"binary-expr","locations":[{"start":{"line":18,"column":18},"end":{"line":18,"column":31}},{"start":{"line":18,"column":35},"end":{"line":18,"column":57}}],"line":18},"1":{"loc":{"start":{"line":32,"column":6},"end":{"line":39,"column":7}},"type":"if","locations":[{"start":{"line":32,"column":6},"end":{"line":39,"column":7}},{"start":{"line":37,"column":13},"end":{"line":39,"column":7}}],"line":32},"2":{"loc":{"start":{"line":41,"column":18},"end":{"line":41,"column":55}},"type":"binary-expr","locations":[{"start":{"line":41,"column":18},"end":{"line":41,"column":29}},{"start":{"line":41,"column":33},"end":{"line":41,"column":55}}],"line":41},"3":{"loc":{"start":{"line":48,"column":6},"end":{"line":54,"column":7}},"type":"if","locations":[{"start":{"line":48,"column":6},"end":{"line":54,"column":7}},{"start":{"line":52,"column":13},"end":{"line":54,"column":7}}],"line":48},"4":{"loc":{"start":{"line":109,"column":9},"end":{"line":124,"column":9}},"type":"cond-expr","locations":[{"start":{"line":110,"column":10},"end":{"line":110,"column":15}},{"start":{"line":112,"column":10},"end":{"line":123,"column":14}}],"line":109}},"s":{"0":1,"1":17,"2":17,"3":17,"4":17,"5":8,"6":8,"7":7,"8":2,"9":17,"10":7,"11":17,"12":2,"13":2,"14":2,"15":1,"16":1,"17":1,"18":1,"19":1,"20":0,"21":1,"22":17,"23":2,"24":2,"25":1,"26":1,"27":1,"28":1,"29":1,"30":0,"31":1,"32":17,"33":2,"34":2,"35":3,"36":0,"37":3,"38":2},"f":{"0":17,"1":8,"2":7,"3":2,"4":2,"5":1,"6":1,"7":2,"8":2,"9":3,"10":0,"11":3,"12":2},"b":{"0":[2,0],"1":[1,0],"2":[1,0],"3":[1,0],"4":[14,3]},"_coverageSchema":"1a1c01bbd47fc00a2c39e90264f33305004495a9","hash":"3443a63fa4aab728a832a464042d1cd67b6bb89c"}
,"F:\\projects\\coverageX\\todo-application\\frontend\\src\\services\\complete-todo.service.js": {"path":"F:\\projects\\coverageX\\todo-application\\frontend\\src\\services\\complete-todo.service.js","statementMap":{"0":{"start":{"line":4,"column":28},"end":{"line":14,"column":1}},"1":{"start":{"line":5,"column":2},"end":{"line":13,"column":3}},"2":{"start":{"line":6,"column":21},"end":{"line":8,"column":5}},"3":{"start":{"line":10,"column":4},"end":{"line":10,"column":16}},"4":{"start":{"line":12,"column":4},"end":{"line":12,"column":40}}},"fnMap":{"0":{"name":"(anonymous_0)","decl":{"start":{"line":4,"column":28},"end":{"line":4,"column":29}},"loc":{"start":{"line":4,"column":46},"end":{"line":14,"column":1}},"line":4}},"branchMap":{"0":{"loc":{"start":{"line":12,"column":10},"end":{"line":12,"column":39}},"type":"binary-expr","locations":[{"start":{"line":12,"column":10},"end":{"line":12,"column":30}},{"start":{"line":12,"column":34},"end":{"line":12,"column":39}}],"line":12}},"s":{"0":1,"1":2,"2":2,"3":1,"4":1},"f":{"0":2},"b":{"0":[1,0]},"_coverageSchema":"1a1c01bbd47fc00a2c39e90264f33305004495a9","hash":"1d90700859c4e1a813a204937261b3e6ef9fb7db"}
,"F:\\projects\\coverageX\\todo-application\\frontend\\src\\services\\create-todo.service.js": {"path":"F:\\projects\\coverageX\\todo-application\\frontend\\src\\services\\create-todo.service.js","statementMap":{"0":{"start":{"line":4,"column":26},"end":{"line":15,"column":1}},"1":{"start":{"line":5,"column":2},"end":{"line":14,"column":3}},"2":{"start":{"line":6,"column":21},"end":{"line":9,"column":6}},"3":{"start":{"line":11,"column":4},"end":{"line":11,"column":16}},"4":{"start":{"line":13,"column":4},"end":{"line":13,"column":40}}},"fnMap":{"0":{"name":"(anonymous_0)","decl":{"start":{"line":4,"column":26},"end":{"line":4,"column":27}},"loc":{"start":{"line":4,"column":60},"end":{"line":15,"column":1}},"line":4}},"branchMap":{"0":{"loc":{"start":{"line":13,"column":10},"end":{"line":13,"column":39}},"type":"binary-expr","locations":[{"start":{"line":13,"column":10},"end":{"line":13,"column":30}},{"start":{"line":13,"column":34},"end":{"line":13,"column":39}}],"line":13}},"s":{"0":1,"1":3,"2":3,"3":1,"4":2},"f":{"0":3},"b":{"0":[2,1]},"_coverageSchema":"1a1c01bbd47fc00a2c39e90264f33305004495a9","hash":"3e1fd8988461585122e54d3cf75745cd77dcc060"}
,"F:\\projects\\coverageX\\todo-application\\frontend\\src\\services\\get-todos.service.js": {"path":"F:\\projects\\coverageX\\todo-application\\frontend\\src\\services\\get-todos.service.js","statementMap":{"0":{"start":{"line":4,"column":24},"end":{"line":11,"column":1}},"1":{"start":{"line":5,"column":2},"end":{"line":10,"column":3}},"2":{"start":{"line":6,"column":21},"end":{"line":6,"column":72}},"3":{"start":{"line":7,"column":4},"end":{"line":7,"column":16}},"4":{"start":{"line":9,"column":4},"end":{"line":9,"column":40}}},"fnMap":{"0":{"name":"(anonymous_0)","decl":{"start":{"line":4,"column":24},"end":{"line":4,"column":25}},"loc":{"start":{"line":4,"column":36},"end":{"line":11,"column":1}},"line":4}},"branchMap":{"0":{"loc":{"start":{"line":9,"column":10},"end":{"line":9,"column":39}},"type":"binary-expr","locations":[{"start":{"line":9,"column":10},"end":{"line":9,"column":30}},{"start":{"line":9,"column":34},"end":{"line":9,"column":39}}],"line":9}},"s":{"0":1,"1":3,"2":3,"3":1,"4":2},"f":{"0":3},"b":{"0":[2,1]},"_coverageSchema":"1a1c01bbd47fc00a2c39e90264f33305004495a9","hash":"bff7b8be556bb899dae6b7922192cf3ff53cfac8"}
}
