TN:
SF:src\components\TodoItem.jsx
FN:3,(anonymous_0)
FN:4,(anonymous_1)
FNF:2
FNH:2
FNDA:3,(anonymous_0)
FNDA:1,(anonymous_1)
DA:3,1
DA:4,3
DA:5,1
DA:8,3
LF:4
LH:4
BRF:0
BRH:0
end_of_record
TN:
SF:src\pages\Todo.jsx
FN:8,(anonymous_0)
FN:13,(anonymous_1)
FN:22,(anonymous_2)
FN:26,(anonymous_3)
FN:45,(anonymous_4)
FN:51,(anonymous_5)
FN:51,(anonymous_6)
FN:75,(anonymous_7)
FN:91,(anonymous_8)
FN:113,(anonymous_9)
FN:114,(anonymous_10)
FN:116,(anonymous_11)
FN:121,(anonymous_12)
FNF:13
FNH:12
FNDA:17,(anonymous_0)
FNDA:8,(anonymous_1)
FNDA:7,(anonymous_2)
FNDA:2,(anonymous_3)
FNDA:2,(anonymous_4)
FNDA:1,(anonymous_5)
FNDA:1,(anonymous_6)
FNDA:2,(anonymous_7)
FNDA:2,(anonymous_8)
FNDA:3,(anonymous_9)
FNDA:0,(anonymous_10)
FNDA:3,(anonymous_11)
FNDA:2,(anonymous_12)
DA:8,1
DA:9,17
DA:10,17
DA:11,17
DA:13,17
DA:14,8
DA:15,8
DA:16,7
DA:18,2
DA:22,17
DA:23,7
DA:26,17
DA:27,2
DA:29,2
DA:30,2
DA:32,1
DA:33,1
DA:34,1
DA:35,1
DA:36,1
DA:38,0
DA:41,1
DA:45,17
DA:46,2
DA:47,2
DA:48,1
DA:49,1
DA:51,1
DA:53,0
DA:56,1
DA:59,17
DA:75,2
DA:91,2
DA:113,3
DA:114,0
DA:117,3
DA:121,2
LF:37
LH:34
BRDA:18,0,0,2
BRDA:18,0,1,0
BRDA:32,1,0,1
BRDA:32,1,1,0
BRDA:41,2,0,1
BRDA:41,2,1,0
BRDA:48,3,0,1
BRDA:48,3,1,0
BRDA:109,4,0,14
BRDA:109,4,1,3
BRF:10
BRH:6
end_of_record
TN:
SF:src\services\complete-todo.service.js
FN:4,(anonymous_0)
FNF:1
FNH:1
FNDA:2,(anonymous_0)
DA:4,1
DA:5,2
DA:6,2
DA:10,1
DA:12,1
LF:5
LH:5
BRDA:12,0,0,1
BRDA:12,0,1,0
BRF:2
BRH:1
end_of_record
TN:
SF:src\services\create-todo.service.js
FN:4,(anonymous_0)
FNF:1
FNH:1
FNDA:3,(anonymous_0)
DA:4,1
DA:5,3
DA:6,3
DA:11,1
DA:13,2
LF:5
LH:5
BRDA:13,0,0,2
BRDA:13,0,1,1
BRF:2
BRH:2
end_of_record
TN:
SF:src\services\get-todos.service.js
FN:4,(anonymous_0)
FNF:1
FNH:1
FNDA:3,(anonymous_0)
DA:4,1
DA:5,3
DA:6,3
DA:7,1
DA:9,2
LF:5
LH:5
BRDA:9,0,0,2
BRDA:9,0,1,1
BRF:2
BRH:2
end_of_record
