TN:
SF:config\database.js
FNF:0
FNH:0
DA:3,3
DA:5,3
LF:2
LH:2
BRF:0
BRH:0
end_of_record
TN:
SF:controllers\todoController.js
FN:3,getTodos
FN:15,createTodo
FN:28,completeTodo
FNF:3
FNH:3
FNDA:2,getTodos
FNDA:2,createTodo
FNDA:2,completeTodo
DA:4,2
DA:5,2
DA:6,1
DA:8,1
DA:16,2
DA:17,2
DA:18,2
DA:19,1
DA:21,1
DA:29,2
DA:30,2
DA:31,2
DA:32,1
DA:38,1
LF:14
LH:14
BRDA:10,0,0,1
BRDA:10,0,1,0
BRDA:23,1,0,1
BRDA:23,1,1,0
BRDA:40,2,0,1
BRDA:40,2,1,0
BRF:6
BRH:3
end_of_record
TN:
SF:models\todoModel.js
FN:3,getAllTodos
FN:8,addTodo
FN:16,updateTodo
FNF:3
FNH:3
FNDA:1,getAllTodos
FNDA:1,addTodo
FNDA:1,updateTodo
DA:4,1
DA:5,1
DA:9,1
DA:13,1
DA:17,1
DA:21,1
LF:6
LH:6
BRF:0
BRH:0
end_of_record
